<?xml version="1.0" encoding="UTF-8"?>
<!-- Generated by org.testng.reporters.JUnitXMLReporter -->
<testsuite ignored="0" hostname="SREEKUTTY" failures="1" tests="1" name="ChromeTest" time="7.711" errors="0" timestamp="2026-01-22T19:44:01 IST">
  <testcase classname="testscript.AdminSearchTest" name="enterUsernameandUsertype" time="1.325">
    <failure type="java.lang.NullPointerException" message="Cannot invoke &amp;quot;pages.AdminuserSearch.clickonSearchButton()&amp;quot; because &amp;quot;this.admin&amp;quot; is null">
      <![CDATA[java.lang.NullPointerException: Cannot invoke "pages.AdminuserSearch.clickonSearchButton()" because "this.admin" is null
at testscript.AdminSearchTest.enterUsernameandUsertype(AdminSearchTest.java:26)
at java.base/java.util.ArrayList.forEach(ArrayList.java:1596)
... Removed 25 stack frames]]>
    </failure>
  </testcase> <!-- enterUsernameandUsertype -->
</testsuite> <!-- ChromeTest -->
