<?xml version="1.0" encoding="UTF-8"?>
<!-- Generated by org.testng.reporters.JUnitXMLReporter -->
<testsuite ignored="2" hostname="SREEKUTTY" failures="0" tests="2" name="grouping" time="14.872" errors="0" timestamp="2026-01-20T11:28:55 IST">
  <testcase classname="testscript.LoginpageTest" name="enterCorrectUsernameAndCorrectPassword" time="2.376"/>
  <testcase classname="testscript.LoginpageTest" name="enterCorrectUsernameAndWrongPassword" time="0.404"/>
  <testcase classname="testscript.LoginpageTest" name="enterWrongUsernameAndWrongPassword" time="0.0">
    <ignored/>
  </testcase> <!-- enterWrongUsernameAndWrongPassword -->
  <testcase classname="testscript.LoginpageTest" name="enterWrongUsernameAndCorrectPassword" time="0.0">
    <ignored/>
  </testcase> <!-- enterWrongUsernameAndCorrectPassword -->
</testsuite> <!-- grouping -->
