<?xml version="1.0" encoding="UTF-8"?>
<!-- Generated by org.testng.reporters.JUnitXMLReporter -->
<testsuite ignored="0" hostname="SREEKUTTY" failures="0" tests="2" name="parallel" time="0.096" errors="0" timestamp="2026-01-19T12:21:18 IST">
  <testcase classname="testscript.Base" name="@BeforeMethod beforeMethod" time="0.014">
    <failure type="java.lang.Exception" message="invalid browser">
      <![CDATA[java.lang.Exception: invalid browser
at testscript.Base.beforeMethod(Base.java:48)
at java.base/java.util.concurrent.Executors$RunnableAdapter.call(Executors.java:572)
at java.base/java.util.concurrent.FutureTask.run(FutureTask.java:317)
at java.base/java.util.concurrent.ThreadPoolExecutor.runWorker(ThreadPoolExecutor.java:1144)
at java.base/java.util.concurrent.ThreadPoolExecutor$Worker.run(ThreadPoolExecutor.java:642)
at java.base/java.lang.Thread.run(Thread.java:1583)
... Removed 15 stack frames]]>
    </failure>
  </testcase> <!-- @BeforeMethod beforeMethod -->
  <testcase classname="testscript.Base" name="@BeforeMethod beforeMethod" time="0.014">
    <failure type="java.lang.Exception" message="invalid browser">
      <![CDATA[java.lang.Exception: invalid browser
at testscript.Base.beforeMethod(Base.java:48)
at java.base/java.util.concurrent.Executors$RunnableAdapter.call(Executors.java:572)
at java.base/java.util.concurrent.FutureTask.run(FutureTask.java:317)
at java.base/java.util.concurrent.ThreadPoolExecutor.runWorker(ThreadPoolExecutor.java:1144)
at java.base/java.util.concurrent.ThreadPoolExecutor$Worker.run(ThreadPoolExecutor.java:642)
at java.base/java.lang.Thread.run(Thread.java:1583)
... Removed 15 stack frames]]>
    </failure>
  </testcase> <!-- @BeforeMethod beforeMethod -->
  <testcase classname="testscript.Base" name="@AfterMethod aftermethod" time="0.0">
    <skipped/>
  </testcase> <!-- @AfterMethod aftermethod -->
  <testcase classname="testscript.Base" name="@AfterMethod aftermethod" time="0.0">
    <skipped/>
  </testcase> <!-- @AfterMethod aftermethod -->
  <testcase classname="testscript.ManageNewsTest" name="enterUsernameAndPasswword" time="0.002">
    <skipped/>
  </testcase> <!-- enterUsernameAndPasswword -->
  <testcase classname="testscript.AdminuserTest" name="enterUsernameAndPasswword" time="0.0">
    <skipped/>
  </testcase> <!-- enterUsernameAndPasswword -->
</testsuite> <!-- parallel -->
