<?xml version="1.0" encoding="UTF-8"?>
<!-- Generated by org.testng.reporters.JUnitReportReporter -->
<testsuite hostname="SREEKUTTY" failures="0" tests="2" name="testscript.LoginpageTest" time="14.824" errors="0" timestamp="2026-01-20T11:28:56 IST" skipped="0">
  <testcase classname="testscript.LoginpageTest" name="enterCorrectUsernameAndWrongPassword" time="7.734"/>
  <testcase classname="testscript.LoginpageTest" name="enterCorrectUsernameAndCorrectPassword" time="7.090"/>
</testsuite> <!-- testscript.LoginpageTest -->
